{"/workspaces/discovering-the-world-test/src/components/AddCommentForm/AddCommentForm.tsx": {"path":"/workspaces/discovering-the-world-test/src/components/AddCommentForm/AddCommentForm.tsx","statementMap":{"0":{"start":{"line":1,"column":0},"end":{"line":1,"column":45}},"1":{"start":{"line":2,"column":0},"end":{"line":2,"column":50}},"2":{"start":{"line":3,"column":0},"end":{"line":3,"column":57}},"3":{"start":{"line":5,"column":0},"end":{"line":5,"column":48}},"4":{"start":{"line":13,"column":38},"end":{"line":13,"column":65}},"5":{"start":{"line":14,"column":32},"end":{"line":14,"column":47}},"6":{"start":{"line":15,"column":22},"end":{"line":15,"column":49}},"7":{"start":{"line":17,"column":23},"end":{"line":22,"column":3}},"8":{"start":{"line":20,"column":22},"end":{"line":20,"column":30}},"9":{"start":{"line":21,"column":4},"end":{"line":21,"column":25}},"10":{"start":{"line":24,"column":23},"end":{"line":55,"column":3}},"11":{"start":{"line":25,"column":4},"end":{"line":25,"column":23}},"12":{"start":{"line":26,"column":4},"end":{"line":26,"column":21}},"13":{"start":{"line":28,"column":4},"end":{"line":53,"column":9}},"14":{"start":{"line":38,"column":8},"end":{"line":45,"column":9}},"15":{"start":{"line":39,"column":10},"end":{"line":39,"column":28}},"16":{"start":{"line":40,"column":10},"end":{"line":40,"column":20}},"17":{"start":{"line":41,"column":10},"end":{"line":44,"column":13}},"18":{"start":{"line":48,"column":8},"end":{"line":51,"column":11}},"19":{"start":{"line":52,"column":8},"end":{"line":52,"column":34}},"20":{"start":{"line":54,"column":4},"end":{"line":54,"column":22}},"21":{"start":{"line":57,"column":2},"end":{"line":80,"column":4}},"22":{"start":{"line":83,"column":0},"end":{"line":83,"column":30}}},"fnMap":{"0":{"name":"AddCommentForm","decl":{"start":{"line":12,"column":9},"end":{"line":12,"column":23}},"loc":{"start":{"line":12,"column":58},"end":{"line":81,"column":1}}},"1":{"name":"(anonymous_1)","decl":{"start":{"line":17,"column":23},"end":{"line":17,"column":null}},"loc":{"start":{"line":19,"column":6},"end":{"line":22,"column":3}}},"2":{"name":"(anonymous_2)","decl":{"start":{"line":24,"column":23},"end":{"line":24,"column":28}},"loc":{"start":{"line":24,"column":69},"end":{"line":55,"column":3}}},"3":{"name":"(anonymous_3)","decl":{"start":{"line":37,"column":12},"end":{"line":37,"column":13}},"loc":{"start":{"line":37,"column":40},"end":{"line":46,"column":7}}},"4":{"name":"(anonymous_4)","decl":{"start":{"line":47,"column":13},"end":{"line":47,"column":14}},"loc":{"start":{"line":47,"column":35},"end":{"line":53,"column":7}}}},"branchMap":{"0":{"loc":{"start":{"line":38,"column":8},"end":{"line":45,"column":9}},"type":"if","locations":[{"start":{"line":38,"column":8},"end":{"line":45,"column":9}}]},"1":{"loc":{"start":{"line":38,"column":12},"end":{"line":38,"column":62}},"type":"binary-expr","locations":[{"start":{"line":38,"column":12},"end":{"line":38,"column":35}},{"start":{"line":38,"column":39},"end":{"line":38,"column":62}}]},"2":{"loc":{"start":{"line":75,"column":18},"end":{"line":75,"column":40}},"type":"binary-expr","locations":[{"start":{"line":75,"column":18},"end":{"line":75,"column":29}},{"start":{"line":75,"column":33},"end":{"line":75,"column":40}}]}},"s":{"0":0,"1":0,"2":0,"3":0,"4":0,"5":0,"6":0,"7":0,"8":0,"9":0,"10":0,"11":0,"12":0,"13":0,"14":0,"15":0,"16":0,"17":0,"18":0,"19":0,"20":0,"21":0,"22":0},"f":{"0":0,"1":0,"2":0,"3":0,"4":0},"b":{"0":[0],"1":[0,0],"2":[0,0]}}
,"/workspaces/discovering-the-world-test/src/components/AddCommentForm/index.ts": {"path":"/workspaces/discovering-the-world-test/src/components/AddCommentForm/index.ts","statementMap":{"0":{"start":{"line":1,"column":0},"end":{"line":1,"column":8}},"1":{"start":{"line":1,"column":8},"end":{"line":1,"column":40}}},"fnMap":{"0":{"name":"(anonymous_0)","decl":{"start":{"line":1,"column":8},"end":{"line":1,"column":15}},"loc":{"start":{"line":1,"column":8},"end":{"line":1,"column":40}}}},"branchMap":{},"s":{"0":0,"1":0},"f":{"0":0},"b":{}}
,"/workspaces/discovering-the-world-test/src/components/Banner/Banner.styles.tsx": {"path":"/workspaces/discovering-the-world-test/src/components/Banner/Banner.styles.tsx","statementMap":{"0":{"start":{"line":1,"column":0},"end":{"line":1,"column":48}},"1":{"start":{"line":2,"column":0},"end":{"line":2,"column":37}},"2":{"start":{"line":4,"column":13},"end":{"line":13,"column":2}},"3":{"start":{"line":12,"column":33},"end":{"line":12,"column":54}},"4":{"start":{"line":15,"column":13},"end":{"line":19,"column":2}},"5":{"start":{"line":21,"column":13},"end":{"line":30,"column":2}}},"fnMap":{"0":{"name":"(anonymous_0)","decl":{"start":{"line":12,"column":22},"end":{"line":12,"column":23}},"loc":{"start":{"line":12,"column":33},"end":{"line":12,"column":54}}}},"branchMap":{},"s":{"0":0,"1":0,"2":0,"3":0,"4":0,"5":0},"f":{"0":0},"b":{}}
,"/workspaces/discovering-the-world-test/src/components/Banner/Banner.tsx": {"path":"/workspaces/discovering-the-world-test/src/components/Banner/Banner.tsx","statementMap":{"0":{"start":{"line":1,"column":0},"end":{"line":1,"column":42}},"1":{"start":{"line":2,"column":0},"end":{"line":2,"column":64}},"2":{"start":{"line":3,"column":0},"end":{"line":3,"column":72}},"3":{"start":{"line":11,"column":2},"end":{"line":20,"column":4}},"4":{"start":{"line":23,"column":0},"end":{"line":23,"column":22}}},"fnMap":{"0":{"name":"Banner","decl":{"start":{"line":10,"column":9},"end":{"line":10,"column":15}},"loc":{"start":{"line":10,"column":53},"end":{"line":21,"column":1}}}},"branchMap":{},"s":{"0":0,"1":0,"2":0,"3":0,"4":0},"f":{"0":0},"b":{}}
,"/workspaces/discovering-the-world-test/src/components/Banner/index.ts": {"path":"/workspaces/discovering-the-world-test/src/components/Banner/index.ts","statementMap":{"0":{"start":{"line":1,"column":0},"end":{"line":1,"column":9}},"1":{"start":{"line":1,"column":9},"end":{"line":1,"column":35}}},"fnMap":{"0":{"name":"(anonymous_0)","decl":{"start":{"line":1,"column":9},"end":{"line":1,"column":16}},"loc":{"start":{"line":1,"column":9},"end":{"line":1,"column":35}}}},"branchMap":{},"s":{"0":0,"1":0},"f":{"0":0},"b":{}}
,"/workspaces/discovering-the-world-test/src/components/CategoryButtonGroup/CategoryButtonGroup.styles.tsx": {"path":"/workspaces/discovering-the-world-test/src/components/CategoryButtonGroup/CategoryButtonGroup.styles.tsx","statementMap":{"0":{"start":{"line":1,"column":0},"end":{"line":1,"column":45}},"1":{"start":{"line":2,"column":0},"end":{"line":2,"column":37}},"2":{"start":{"line":4,"column":13},"end":{"line":9,"column":2}},"3":{"start":{"line":11,"column":13},"end":{"line":13,"column":2}},"4":{"start":{"line":12,"column":34},"end":{"line":12,"column":72}}},"fnMap":{"0":{"name":"(anonymous_0)","decl":{"start":{"line":12,"column":22},"end":{"line":12,"column":23}},"loc":{"start":{"line":12,"column":34},"end":{"line":12,"column":72}}}},"branchMap":{"0":{"loc":{"start":{"line":12,"column":34},"end":{"line":12,"column":72}},"type":"cond-expr","locations":[{"start":{"line":12,"column":51},"end":{"line":12,"column":60}},{"start":{"line":12,"column":63},"end":{"line":12,"column":72}}]}},"s":{"0":0,"1":0,"2":0,"3":0,"4":0},"f":{"0":0},"b":{"0":[0,0]}}
,"/workspaces/discovering-the-world-test/src/components/CategoryButtonGroup/CategoryButtonGroup.tsx": {"path":"/workspaces/discovering-the-world-test/src/components/CategoryButtonGroup/CategoryButtonGroup.tsx","statementMap":{"0":{"start":{"line":1,"column":0},"end":{"line":1,"column":44}},"1":{"start":{"line":3,"column":0},"end":{"line":3,"column":71}},"2":{"start":{"line":5,"column":24},"end":{"line":22,"column":2}},"3":{"start":{"line":33,"column":2},"end":{"line":48,"column":4}},"4":{"start":{"line":37,"column":10},"end":{"line":39,"column":null}},"5":{"start":{"line":41,"column":27},"end":{"line":41,"column":62}},"6":{"start":{"line":51,"column":0},"end":{"line":51,"column":35}}},"fnMap":{"0":{"name":"CategoryButtonGroup","decl":{"start":{"line":29,"column":9},"end":{"line":29,"column":28}},"loc":{"start":{"line":32,"column":27},"end":{"line":49,"column":1}}},"1":{"name":"(anonymous_1)","decl":{"start":{"line":36,"column":29},"end":{"line":36,"column":30}},"loc":{"start":{"line":37,"column":10},"end":{"line":39,"column":null}}},"2":{"name":"(anonymous_2)","decl":{"start":{"line":41,"column":21},"end":{"line":41,"column":24}},"loc":{"start":{"line":41,"column":27},"end":{"line":41,"column":62}}}},"branchMap":{},"s":{"0":0,"1":0,"2":0,"3":0,"4":0,"5":0,"6":0},"f":{"0":0,"1":0,"2":0},"b":{}}
,"/workspaces/discovering-the-world-test/src/components/CategoryButtonGroup/index.ts": {"path":"/workspaces/discovering-the-world-test/src/components/CategoryButtonGroup/index.ts","statementMap":{"0":{"start":{"line":1,"column":0},"end":{"line":1,"column":9}},"1":{"start":{"line":1,"column":9},"end":{"line":1,"column":48}}},"fnMap":{"0":{"name":"(anonymous_0)","decl":{"start":{"line":1,"column":9},"end":{"line":1,"column":16}},"loc":{"start":{"line":1,"column":9},"end":{"line":1,"column":48}}}},"branchMap":{},"s":{"0":0,"1":0},"f":{"0":0},"b":{}}
,"/workspaces/discovering-the-world-test/src/components/CommentCard/CommentCard.styles.tsx": {"path":"/workspaces/discovering-the-world-test/src/components/CommentCard/CommentCard.styles.tsx","statementMap":{"0":{"start":{"line":1,"column":0},"end":{"line":1,"column":54}},"1":{"start":{"line":2,"column":0},"end":{"line":2,"column":37}},"2":{"start":{"line":4,"column":13},"end":{"line":13,"column":2}},"3":{"start":{"line":15,"column":13},"end":{"line":18,"column":2}},"4":{"start":{"line":20,"column":13},"end":{"line":23,"column":2}}},"fnMap":{},"branchMap":{},"s":{"0":0,"1":0,"2":0,"3":0,"4":0},"f":{},"b":{}}
,"/workspaces/discovering-the-world-test/src/components/CommentCard/CommentCard.tsx": {"path":"/workspaces/discovering-the-world-test/src/components/CommentCard/CommentCard.tsx","statementMap":{"0":{"start":{"line":1,"column":0},"end":{"line":1,"column":43}},"1":{"start":{"line":2,"column":0},"end":{"line":2,"column":66}},"2":{"start":{"line":5,"column":0},"end":{"line":5,"column":66}},"3":{"start":{"line":12,"column":2},"end":{"line":20,"column":4}},"4":{"start":{"line":23,"column":0},"end":{"line":23,"column":27}}},"fnMap":{"0":{"name":"CommentCard","decl":{"start":{"line":11,"column":9},"end":{"line":11,"column":20}},"loc":{"start":{"line":11,"column":47},"end":{"line":21,"column":1}}}},"branchMap":{},"s":{"0":0,"1":0,"2":0,"3":0,"4":0},"f":{"0":0},"b":{}}
,"/workspaces/discovering-the-world-test/src/components/CommentCard/index.ts": {"path":"/workspaces/discovering-the-world-test/src/components/CommentCard/index.ts","statementMap":{"0":{"start":{"line":1,"column":0},"end":{"line":1,"column":9}},"1":{"start":{"line":1,"column":9},"end":{"line":1,"column":40}}},"fnMap":{"0":{"name":"(anonymous_0)","decl":{"start":{"line":1,"column":9},"end":{"line":1,"column":16}},"loc":{"start":{"line":1,"column":9},"end":{"line":1,"column":40}}}},"branchMap":{},"s":{"0":0,"1":0},"f":{"0":0},"b":{}}
,"/workspaces/discovering-the-world-test/src/components/Comments/Comments.styles.tsx": {"path":"/workspaces/discovering-the-world-test/src/components/Comments/Comments.styles.tsx","statementMap":{"0":{"start":{"line":1,"column":0},"end":{"line":1,"column":37}},"1":{"start":{"line":2,"column":0},"end":{"line":2,"column":37}},"2":{"start":{"line":4,"column":13},"end":{"line":7,"column":2}},"3":{"start":{"line":9,"column":13},"end":{"line":11,"column":2}},"4":{"start":{"line":13,"column":13},"end":{"line":15,"column":2}}},"fnMap":{},"branchMap":{},"s":{"0":1,"1":1,"2":1,"3":1,"4":1},"f":{},"b":{}}
,"/workspaces/discovering-the-world-test/src/components/Comments/Comments.tsx": {"path":"/workspaces/discovering-the-world-test/src/components/Comments/Comments.tsx","statementMap":{"0":{"start":{"line":2,"column":0},"end":{"line":2,"column":null}},"1":{"start":{"line":7,"column":0},"end":{"line":7,"column":47}},"2":{"start":{"line":8,"column":0},"end":{"line":8,"column":41}},"3":{"start":{"line":17,"column":2},"end":{"line":30,"column":4}},"4":{"start":{"line":24,"column":10},"end":{"line":24,"column":40}},"5":{"start":{"line":33,"column":0},"end":{"line":33,"column":24}}},"fnMap":{"0":{"name":"Comments","decl":{"start":{"line":16,"column":9},"end":{"line":16,"column":17}},"loc":{"start":{"line":16,"column":62},"end":{"line":31,"column":1}}},"1":{"name":"(anonymous_1)","decl":{"start":{"line":23,"column":21},"end":{"line":23,"column":22}},"loc":{"start":{"line":24,"column":10},"end":{"line":24,"column":40}}}},"branchMap":{"0":{"loc":{"start":{"line":22,"column":7},"end":{"line":25,"column":10}},"type":"binary-expr","locations":[{"start":{"line":22,"column":7},"end":{"line":22,"column":26}},{"start":{"line":23,"column":8},"end":{"line":25,"column":10}}]}},"s":{"0":1,"1":1,"2":1,"3":2,"4":0,"5":1},"f":{"0":2,"1":0},"b":{"0":[2,0]}}
,"/workspaces/discovering-the-world-test/src/components/Comments/index.ts": {"path":"/workspaces/discovering-the-world-test/src/components/Comments/index.ts","statementMap":{"0":{"start":{"line":1,"column":0},"end":{"line":1,"column":9}},"1":{"start":{"line":1,"column":9},"end":{"line":1,"column":37}}},"fnMap":{"0":{"name":"(anonymous_0)","decl":{"start":{"line":1,"column":9},"end":{"line":1,"column":16}},"loc":{"start":{"line":1,"column":9},"end":{"line":1,"column":37}}}},"branchMap":{},"s":{"0":0,"1":0},"f":{"0":0},"b":{}}
,"/workspaces/discovering-the-world-test/src/components/CreatePostButton/CreatePostButton.styles.tsx": {"path":"/workspaces/discovering-the-world-test/src/components/CreatePostButton/CreatePostButton.styles.tsx","statementMap":{"0":{"start":{"line":1,"column":0},"end":{"line":1,"column":37}},"1":{"start":{"line":2,"column":0},"end":{"line":2,"column":37}},"2":{"start":{"line":4,"column":13},"end":{"line":9,"column":2}}},"fnMap":{},"branchMap":{},"s":{"0":0,"1":0,"2":0},"f":{},"b":{}}
,"/workspaces/discovering-the-world-test/src/components/CreatePostButton/CreatePostButton.tsx": {"path":"/workspaces/discovering-the-world-test/src/components/CreatePostButton/CreatePostButton.tsx","statementMap":{"0":{"start":{"line":1,"column":0},"end":{"line":1,"column":48}},"1":{"start":{"line":2,"column":0},"end":{"line":2,"column":43}},"2":{"start":{"line":5,"column":0},"end":{"line":5,"column":54}},"3":{"start":{"line":11,"column":25},"end":{"line":19,"column":1}},"4":{"start":{"line":12,"column":2},"end":{"line":18,"column":4}},"5":{"start":{"line":14,"column":49},"end":{"line":14,"column":65}},"6":{"start":{"line":21,"column":0},"end":{"line":21,"column":32}}},"fnMap":{"0":{"name":"(anonymous_0)","decl":{"start":{"line":11,"column":25},"end":{"line":11,"column":26}},"loc":{"start":{"line":11,"column":75},"end":{"line":19,"column":1}}},"1":{"name":"(anonymous_1)","decl":{"start":{"line":14,"column":43},"end":{"line":14,"column":46}},"loc":{"start":{"line":14,"column":49},"end":{"line":14,"column":65}}}},"branchMap":{},"s":{"0":0,"1":0,"2":0,"3":0,"4":0,"5":0,"6":0},"f":{"0":0,"1":0},"b":{}}
,"/workspaces/discovering-the-world-test/src/components/CreatePostButton/index.ts": {"path":"/workspaces/discovering-the-world-test/src/components/CreatePostButton/index.ts","statementMap":{"0":{"start":{"line":1,"column":0},"end":{"line":1,"column":9}},"1":{"start":{"line":1,"column":9},"end":{"line":1,"column":45}}},"fnMap":{"0":{"name":"(anonymous_0)","decl":{"start":{"line":1,"column":9},"end":{"line":1,"column":16}},"loc":{"start":{"line":1,"column":9},"end":{"line":1,"column":45}}}},"branchMap":{},"s":{"0":0,"1":0},"f":{"0":0},"b":{}}
,"/workspaces/discovering-the-world-test/src/components/Form/Form.tsx": {"path":"/workspaces/discovering-the-world-test/src/components/Form/Form.tsx","statementMap":{"0":{"start":{"line":1,"column":0},"end":{"line":1,"column":31}},"1":{"start":{"line":2,"column":0},"end":{"line":2,"column":null}},"2":{"start":{"line":18,"column":0},"end":{"line":18,"column":36}},"3":{"start":{"line":20,"column":0},"end":{"line":20,"column":40}},"4":{"start":{"line":21,"column":0},"end":{"line":21,"column":61}},"5":{"start":{"line":24,"column":32},"end":{"line":29,"column":2}},"6":{"start":{"line":39,"column":13},"end":{"line":222,"column":1}},"7":{"start":{"line":46,"column":34},"end":{"line":46,"column":61}},"8":{"start":{"line":47,"column":23},"end":{"line":47,"column":52}},"9":{"start":{"line":48,"column":22},"end":{"line":48,"column":55}},"10":{"start":{"line":50,"column":2},"end":{"line":59,"column":13}},"11":{"start":{"line":51,"column":4},"end":{"line":51,"column":22}},"12":{"start":{"line":51,"column":15},"end":{"line":51,"column":22}},"13":{"start":{"line":52,"column":25},"end":{"line":57,"column":6}},"14":{"start":{"line":58,"column":4},"end":{"line":58,"column":30}},"15":{"start":{"line":61,"column":22},"end":{"line":65,"column":3}},"16":{"start":{"line":62,"column":4},"end":{"line":62,"column":29}},"17":{"start":{"line":63,"column":4},"end":{"line":63,"column":19}},"18":{"start":{"line":64,"column":4},"end":{"line":64,"column":26}},"19":{"start":{"line":67,"column":23},"end":{"line":106,"column":3}},"20":{"start":{"line":68,"column":4},"end":{"line":68,"column":27}},"21":{"start":{"line":70,"column":19},"end":{"line":70,"column":42}},"22":{"start":{"line":71,"column":25},"end":{"line":71,"column":76}},"23":{"start":{"line":71,"column":47},"end":{"line":71,"column":58}},"24":{"start":{"line":71,"column":72},"end":{"line":71,"column":75}},"25":{"start":{"line":72,"column":4},"end":{"line":72,"column":29}},"26":{"start":{"line":72,"column":22},"end":{"line":72,"column":29}},"27":{"start":{"line":74,"column":26},"end":{"line":81,"column":6}},"28":{"start":{"line":83,"column":4},"end":{"line":105,"column":9}},"29":{"start":{"line":90,"column":8},"end":{"line":97,"column":9}},"30":{"start":{"line":91,"column":10},"end":{"line":91,"column":37}},"31":{"start":{"line":92,"column":10},"end":{"line":92,"column":24}},"32":{"start":{"line":93,"column":10},"end":{"line":96,"column":13}},"33":{"start":{"line":100,"column":8},"end":{"line":103,"column":11}},"34":{"start":{"line":104,"column":8},"end":{"line":104,"column":34}},"35":{"start":{"line":108,"column":23},"end":{"line":118,"column":3}},"36":{"start":{"line":113,"column":28},"end":{"line":113,"column":36}},"37":{"start":{"line":114,"column":4},"end":{"line":117,"column":8}},"38":{"start":{"line":114,"column":35},"end":{"line":117,"column":6}},"39":{"start":{"line":120,"column":21},"end":{"line":131,"column":3}},"40":{"start":{"line":125,"column":28},"end":{"line":125,"column":36}},"41":{"start":{"line":126,"column":18},"end":{"line":126,"column":44}},"42":{"start":{"line":127,"column":4},"end":{"line":130,"column":8}},"43":{"start":{"line":127,"column":35},"end":{"line":130,"column":6}},"44":{"start":{"line":133,"column":2},"end":{"line":221,"column":4}},"45":{"start":{"line":224,"column":0},"end":{"line":224,"column":20}}},"fnMap":{"0":{"name":"(anonymous_0)","decl":{"start":{"line":39,"column":13},"end":{"line":39,"column":14}},"loc":{"start":{"line":45,"column":16},"end":{"line":222,"column":1}}},"1":{"name":"(anonymous_1)","decl":{"start":{"line":50,"column":18},"end":{"line":50,"column":21}},"loc":{"start":{"line":50,"column":23},"end":{"line":59,"column":3}}},"2":{"name":"(anonymous_2)","decl":{"start":{"line":61,"column":22},"end":{"line":61,"column":25}},"loc":{"start":{"line":61,"column":27},"end":{"line":65,"column":3}}},"3":{"name":"(anonymous_3)","decl":{"start":{"line":67,"column":23},"end":{"line":67,"column":24}},"loc":{"start":{"line":67,"column":67},"end":{"line":106,"column":3}}},"4":{"name":"(anonymous_4)","decl":{"start":{"line":71,"column":36},"end":{"line":71,"column":37}},"loc":{"start":{"line":71,"column":47},"end":{"line":71,"column":58}}},"5":{"name":"(anonymous_5)","decl":{"start":{"line":71,"column":65},"end":{"line":71,"column":66}},"loc":{"start":{"line":71,"column":72},"end":{"line":71,"column":75}}},"6":{"name":"(anonymous_6)","decl":{"start":{"line":89,"column":12},"end":{"line":89,"column":13}},"loc":{"start":{"line":89,"column":40},"end":{"line":98,"column":7}}},"7":{"name":"(anonymous_7)","decl":{"start":{"line":99,"column":13},"end":{"line":99,"column":14}},"loc":{"start":{"line":99,"column":35},"end":{"line":105,"column":7}}},"8":{"name":"(anonymous_8)","decl":{"start":{"line":108,"column":23},"end":{"line":108,"column":null}},"loc":{"start":{"line":112,"column":6},"end":{"line":118,"column":3}}},"9":{"name":"(anonymous_9)","decl":{"start":{"line":114,"column":16},"end":{"line":114,"column":17}},"loc":{"start":{"line":114,"column":35},"end":{"line":117,"column":6}}},"10":{"name":"(anonymous_10)","decl":{"start":{"line":120,"column":21},"end":{"line":120,"column":null}},"loc":{"start":{"line":124,"column":6},"end":{"line":131,"column":3}}},"11":{"name":"(anonymous_11)","decl":{"start":{"line":127,"column":16},"end":{"line":127,"column":17}},"loc":{"start":{"line":127,"column":35},"end":{"line":130,"column":6}}}},"branchMap":{"0":{"loc":{"start":{"line":51,"column":4},"end":{"line":51,"column":22}},"type":"if","locations":[{"start":{"line":51,"column":4},"end":{"line":51,"column":22}}]},"1":{"loc":{"start":{"line":72,"column":4},"end":{"line":72,"column":29}},"type":"if","locations":[{"start":{"line":72,"column":4},"end":{"line":72,"column":29}}]},"2":{"loc":{"start":{"line":75,"column":10},"end":{"line":75,"column":46}},"type":"binary-expr","locations":[{"start":{"line":75,"column":10},"end":{"line":75,"column":18}},{"start":{"line":75,"column":22},"end":{"line":75,"column":46}}]},"3":{"loc":{"start":{"line":80,"column":16},"end":{"line":80,"column":36}},"type":"binary-expr","locations":[{"start":{"line":80,"column":16},"end":{"line":80,"column":30}},{"start":{"line":80,"column":34},"end":{"line":80,"column":36}}]},"4":{"loc":{"start":{"line":84,"column":14},"end":{"line":84,"column":37}},"type":"cond-expr","locations":[{"start":{"line":84,"column":21},"end":{"line":84,"column":28}},{"start":{"line":84,"column":31},"end":{"line":84,"column":37}}]},"5":{"loc":{"start":{"line":85,"column":11},"end":{"line":85,"column":43}},"type":"cond-expr","locations":[{"start":{"line":85,"column":18},"end":{"line":85,"column":31}},{"start":{"line":85,"column":34},"end":{"line":85,"column":43}}]},"6":{"loc":{"start":{"line":90,"column":8},"end":{"line":97,"column":9}},"type":"if","locations":[{"start":{"line":90,"column":8},"end":{"line":97,"column":9}}]},"7":{"loc":{"start":{"line":90,"column":12},"end":{"line":90,"column":62}},"type":"binary-expr","locations":[{"start":{"line":90,"column":12},"end":{"line":90,"column":35}},{"start":{"line":90,"column":39},"end":{"line":90,"column":62}}]},"8":{"loc":{"start":{"line":160,"column":22},"end":{"line":160,"column":49}},"type":"binary-expr","locations":[{"start":{"line":160,"column":22},"end":{"line":160,"column":42}},{"start":{"line":160,"column":46},"end":{"line":160,"column":49}}]},"9":{"loc":{"start":{"line":176,"column":22},"end":{"line":176,"column":55}},"type":"binary-expr","locations":[{"start":{"line":176,"column":22},"end":{"line":176,"column":48}},{"start":{"line":176,"column":52},"end":{"line":176,"column":55}}]},"10":{"loc":{"start":{"line":213,"column":22},"end":{"line":213,"column":49}},"type":"binary-expr","locations":[{"start":{"line":213,"column":22},"end":{"line":213,"column":42}},{"start":{"line":213,"column":46},"end":{"line":213,"column":49}}]}},"s":{"0":0,"1":0,"2":0,"3":0,"4":0,"5":0,"6":0,"7":0,"8":0,"9":0,"10":0,"11":0,"12":0,"13":0,"14":0,"15":0,"16":0,"17":0,"18":0,"19":0,"20":0,"21":0,"22":0,"23":0,"24":0,"25":0,"26":0,"27":0,"28":0,"29":0,"30":0,"31":0,"32":0,"33":0,"34":0,"35":0,"36":0,"37":0,"38":0,"39":0,"40":0,"41":0,"42":0,"43":0,"44":0,"45":0},"f":{"0":0,"1":0,"2":0,"3":0,"4":0,"5":0,"6":0,"7":0,"8":0,"9":0,"10":0,"11":0},"b":{"0":[0],"1":[0],"2":[0,0],"3":[0,0],"4":[0,0],"5":[0,0],"6":[0],"7":[0,0],"8":[0,0],"9":[0,0],"10":[0,0]}}
,"/workspaces/discovering-the-world-test/src/components/Form/index.ts": {"path":"/workspaces/discovering-the-world-test/src/components/Form/index.ts","statementMap":{"0":{"start":{"line":1,"column":0},"end":{"line":1,"column":9}},"1":{"start":{"line":1,"column":9},"end":{"line":1,"column":33}}},"fnMap":{"0":{"name":"(anonymous_0)","decl":{"start":{"line":1,"column":9},"end":{"line":1,"column":16}},"loc":{"start":{"line":1,"column":9},"end":{"line":1,"column":33}}}},"branchMap":{},"s":{"0":0,"1":0},"f":{"0":0},"b":{}}
,"/workspaces/discovering-the-world-test/src/components/Header/Header.styles.tsx": {"path":"/workspaces/discovering-the-world-test/src/components/Header/Header.styles.tsx","statementMap":{"0":{"start":{"line":1,"column":0},"end":{"line":1,"column":37}},"1":{"start":{"line":2,"column":0},"end":{"line":2,"column":37}},"2":{"start":{"line":4,"column":13},"end":{"line":9,"column":2}}},"fnMap":{},"branchMap":{},"s":{"0":1,"1":1,"2":1},"f":{},"b":{}}
,"/workspaces/discovering-the-world-test/src/components/Header/Header.tsx": {"path":"/workspaces/discovering-the-world-test/src/components/Header/Header.tsx","statementMap":{"0":{"start":{"line":1,"column":0},"end":{"line":1,"column":49}},"1":{"start":{"line":2,"column":0},"end":{"line":2,"column":43}},"2":{"start":{"line":5,"column":2},"end":{"line":20,"column":4}},"3":{"start":{"line":23,"column":0},"end":{"line":23,"column":22}}},"fnMap":{"0":{"name":"Header","decl":{"start":{"line":4,"column":9},"end":{"line":4,"column":15}},"loc":{"start":{"line":4,"column":15},"end":{"line":21,"column":1}}}},"branchMap":{},"s":{"0":1,"1":1,"2":1,"3":1},"f":{"0":1},"b":{}}
,"/workspaces/discovering-the-world-test/src/components/Header/index.ts": {"path":"/workspaces/discovering-the-world-test/src/components/Header/index.ts","statementMap":{"0":{"start":{"line":1,"column":0},"end":{"line":1,"column":9}},"1":{"start":{"line":1,"column":9},"end":{"line":1,"column":35}}},"fnMap":{"0":{"name":"(anonymous_0)","decl":{"start":{"line":1,"column":9},"end":{"line":1,"column":16}},"loc":{"start":{"line":1,"column":9},"end":{"line":1,"column":35}}}},"branchMap":{},"s":{"0":0,"1":0},"f":{"0":0},"b":{}}
,"/workspaces/discovering-the-world-test/src/components/Loading/Loading.tsx": {"path":"/workspaces/discovering-the-world-test/src/components/Loading/Loading.tsx","statementMap":{"0":{"start":{"line":2,"column":0},"end":{"line":2,"column":62}},"1":{"start":{"line":3,"column":0},"end":{"line":3,"column":38}},"2":{"start":{"line":9,"column":2},"end":{"line":18,"column":4}},"3":{"start":{"line":8,"column":0},"end":{"line":8,"column":24}}},"fnMap":{"0":{"name":"Loading","decl":{"start":{"line":8,"column":24},"end":{"line":8,"column":31}},"loc":{"start":{"line":8,"column":31},"end":{"line":19,"column":1}}}},"branchMap":{},"s":{"0":1,"1":1,"2":1,"3":1},"f":{"0":1},"b":{}}
,"/workspaces/discovering-the-world-test/src/components/Loading/index.ts": {"path":"/workspaces/discovering-the-world-test/src/components/Loading/index.ts","statementMap":{"0":{"start":{"line":1,"column":0},"end":{"line":1,"column":9}},"1":{"start":{"line":1,"column":9},"end":{"line":1,"column":36}}},"fnMap":{"0":{"name":"(anonymous_0)","decl":{"start":{"line":1,"column":9},"end":{"line":1,"column":16}},"loc":{"start":{"line":1,"column":9},"end":{"line":1,"column":36}}}},"branchMap":{},"s":{"0":0,"1":0},"f":{"0":0},"b":{}}
,"/workspaces/discovering-the-world-test/src/components/Page/Page.tsx": {"path":"/workspaces/discovering-the-world-test/src/components/Page/Page.tsx","statementMap":{"0":{"start":{"line":2,"column":0},"end":{"line":2,"column":38}},"1":{"start":{"line":3,"column":0},"end":{"line":3,"column":31}},"2":{"start":{"line":16,"column":2},"end":{"line":29,"column":4}},"3":{"start":{"line":15,"column":0},"end":{"line":15,"column":24}}},"fnMap":{"0":{"name":"Page","decl":{"start":{"line":15,"column":24},"end":{"line":15,"column":28}},"loc":{"start":{"line":15,"column":48},"end":{"line":30,"column":1}}}},"branchMap":{},"s":{"0":0,"1":0,"2":0,"3":0},"f":{"0":0},"b":{}}
,"/workspaces/discovering-the-world-test/src/components/Page/index.ts": {"path":"/workspaces/discovering-the-world-test/src/components/Page/index.ts","statementMap":{"0":{"start":{"line":1,"column":0},"end":{"line":1,"column":9}},"1":{"start":{"line":1,"column":9},"end":{"line":1,"column":28}},"2":{"start":{"line":2,"column":0},"end":{"line":2,"column":9}},"3":{"start":{"line":2,"column":9},"end":{"line":2,"column":28}},"4":{"start":{"line":3,"column":0},"end":{"line":3,"column":9}},"5":{"start":{"line":3,"column":9},"end":{"line":3,"column":32}},"6":{"start":{"line":4,"column":0},"end":{"line":4,"column":9}},"7":{"start":{"line":4,"column":9},"end":{"line":4,"column":33}}},"fnMap":{"0":{"name":"(anonymous_0)","decl":{"start":{"line":1,"column":9},"end":{"line":1,"column":16}},"loc":{"start":{"line":1,"column":9},"end":{"line":1,"column":28}}},"1":{"name":"(anonymous_1)","decl":{"start":{"line":2,"column":9},"end":{"line":2,"column":16}},"loc":{"start":{"line":2,"column":9},"end":{"line":2,"column":28}}},"2":{"name":"(anonymous_2)","decl":{"start":{"line":3,"column":9},"end":{"line":3,"column":16}},"loc":{"start":{"line":3,"column":9},"end":{"line":3,"column":32}}},"3":{"name":"(anonymous_3)","decl":{"start":{"line":4,"column":9},"end":{"line":4,"column":16}},"loc":{"start":{"line":4,"column":9},"end":{"line":4,"column":33}}}},"branchMap":{},"s":{"0":0,"1":0,"2":0,"3":0,"4":0,"5":0,"6":0,"7":0},"f":{"0":0,"1":0,"2":0,"3":0},"b":{}}
,"/workspaces/discovering-the-world-test/src/components/Page/HomePage/HomePage.tsx": {"path":"/workspaces/discovering-the-world-test/src/components/Page/HomePage/HomePage.tsx","statementMap":{"0":{"start":{"line":1,"column":0},"end":{"line":1,"column":56}},"1":{"start":{"line":3,"column":0},"end":{"line":3,"column":30}},"2":{"start":{"line":4,"column":0},"end":{"line":4,"column":38}},"3":{"start":{"line":5,"column":0},"end":{"line":5,"column":60}},"4":{"start":{"line":6,"column":0},"end":{"line":6,"column":47}},"5":{"start":{"line":8,"column":0},"end":{"line":8,"column":36}},"6":{"start":{"line":9,"column":0},"end":{"line":9,"column":54}},"7":{"start":{"line":12,"column":30},"end":{"line":12,"column":53}},"8":{"start":{"line":13,"column":50},"end":{"line":13,"column":73}},"9":{"start":{"line":14,"column":42},"end":{"line":14,"column":69}},"10":{"start":{"line":15,"column":26},"end":{"line":15,"column":41}},"11":{"start":{"line":17,"column":25},"end":{"line":20,"column":3}},"12":{"start":{"line":18,"column":4},"end":{"line":18,"column":18}},"13":{"start":{"line":19,"column":4},"end":{"line":19,"column":54}},"14":{"start":{"line":19,"column":23},"end":{"line":19,"column":54}},"15":{"start":{"line":22,"column":31},"end":{"line":25,"column":3}},"16":{"start":{"line":23,"column":4},"end":{"line":23,"column":23}},"17":{"start":{"line":24,"column":4},"end":{"line":24,"column":34}},"18":{"start":{"line":27,"column":2},"end":{"line":27,"column":47}},"19":{"start":{"line":27,"column":18},"end":{"line":27,"column":33}},"20":{"start":{"line":29,"column":2},"end":{"line":29,"column":33}},"21":{"start":{"line":29,"column":14},"end":{"line":29,"column":33}},"22":{"start":{"line":31,"column":2},"end":{"line":47,"column":4}},"23":{"start":{"line":50,"column":0},"end":{"line":50,"column":24}}},"fnMap":{"0":{"name":"HomePage","decl":{"start":{"line":11,"column":9},"end":{"line":11,"column":17}},"loc":{"start":{"line":11,"column":17},"end":{"line":48,"column":1}}},"1":{"name":"(anonymous_1)","decl":{"start":{"line":17,"column":25},"end":{"line":17,"column":26}},"loc":{"start":{"line":17,"column":50},"end":{"line":20,"column":3}}},"2":{"name":"(anonymous_2)","decl":{"start":{"line":22,"column":31},"end":{"line":22,"column":32}},"loc":{"start":{"line":22,"column":52},"end":{"line":25,"column":3}}},"3":{"name":"(anonymous_3)","decl":{"start":{"line":27,"column":12},"end":{"line":27,"column":15}},"loc":{"start":{"line":27,"column":18},"end":{"line":27,"column":33}}}},"branchMap":{"0":{"loc":{"start":{"line":19,"column":4},"end":{"line":19,"column":54}},"type":"if","locations":[{"start":{"line":19,"column":4},"end":{"line":19,"column":54}}]},"1":{"loc":{"start":{"line":29,"column":2},"end":{"line":29,"column":33}},"type":"if","locations":[{"start":{"line":29,"column":2},"end":{"line":29,"column":33}}]}},"s":{"0":0,"1":0,"2":0,"3":0,"4":0,"5":0,"6":0,"7":0,"8":0,"9":0,"10":0,"11":0,"12":0,"13":0,"14":0,"15":0,"16":0,"17":0,"18":0,"19":0,"20":0,"21":0,"22":0,"23":0},"f":{"0":0,"1":0,"2":0,"3":0},"b":{"0":[0],"1":[0]}}
,"/workspaces/discovering-the-world-test/src/components/Page/HomePage/index.ts": {"path":"/workspaces/discovering-the-world-test/src/components/Page/HomePage/index.ts","statementMap":{"0":{"start":{"line":1,"column":0},"end":{"line":1,"column":9}},"1":{"start":{"line":1,"column":9},"end":{"line":1,"column":37}}},"fnMap":{"0":{"name":"(anonymous_0)","decl":{"start":{"line":1,"column":9},"end":{"line":1,"column":16}},"loc":{"start":{"line":1,"column":9},"end":{"line":1,"column":37}}}},"branchMap":{},"s":{"0":0,"1":0},"f":{"0":0},"b":{}}
,"/workspaces/discovering-the-world-test/src/components/Page/NotFoundPage/NotFoundPage.tsx": {"path":"/workspaces/discovering-the-world-test/src/components/Page/NotFoundPage/NotFoundPage.tsx","statementMap":{"0":{"start":{"line":2,"column":0},"end":{"line":2,"column":50}},"1":{"start":{"line":3,"column":0},"end":{"line":3,"column":37}},"2":{"start":{"line":6,"column":2},"end":{"line":22,"column":4}},"3":{"start":{"line":5,"column":0},"end":{"line":5,"column":24}}},"fnMap":{"0":{"name":"NotFoundPage","decl":{"start":{"line":5,"column":24},"end":{"line":5,"column":36}},"loc":{"start":{"line":5,"column":36},"end":{"line":23,"column":1}}}},"branchMap":{},"s":{"0":0,"1":0,"2":0,"3":0},"f":{"0":0},"b":{}}
,"/workspaces/discovering-the-world-test/src/components/Page/NotFoundPage/index.ts": {"path":"/workspaces/discovering-the-world-test/src/components/Page/NotFoundPage/index.ts","statementMap":{"0":{"start":{"line":1,"column":0},"end":{"line":1,"column":9}},"1":{"start":{"line":1,"column":9},"end":{"line":1,"column":41}}},"fnMap":{"0":{"name":"(anonymous_0)","decl":{"start":{"line":1,"column":9},"end":{"line":1,"column":16}},"loc":{"start":{"line":1,"column":9},"end":{"line":1,"column":41}}}},"branchMap":{},"s":{"0":0,"1":0},"f":{"0":0},"b":{}}
,"/workspaces/discovering-the-world-test/src/components/Page/PostPage/PostPage.styles.tsx": {"path":"/workspaces/discovering-the-world-test/src/components/Page/PostPage/PostPage.styles.tsx","statementMap":{"0":{"start":{"line":1,"column":0},"end":{"line":1,"column":37}},"1":{"start":{"line":2,"column":0},"end":{"line":2,"column":37}},"2":{"start":{"line":4,"column":13},"end":{"line":8,"column":2}},"3":{"start":{"line":10,"column":13},"end":{"line":12,"column":2}},"4":{"start":{"line":14,"column":13},"end":{"line":16,"column":2}},"5":{"start":{"line":18,"column":13},"end":{"line":23,"column":2}}},"fnMap":{},"branchMap":{},"s":{"0":0,"1":0,"2":0,"3":0,"4":0,"5":0},"f":{},"b":{}}
,"/workspaces/discovering-the-world-test/src/components/Page/PostPage/PostPage.tsx": {"path":"/workspaces/discovering-the-world-test/src/components/Page/PostPage/PostPage.tsx","statementMap":{"0":{"start":{"line":1,"column":0},"end":{"line":1,"column":69}},"1":{"start":{"line":2,"column":0},"end":{"line":2,"column":45}},"2":{"start":{"line":5,"column":0},"end":{"line":5,"column":39}},"3":{"start":{"line":6,"column":0},"end":{"line":6,"column":34}},"4":{"start":{"line":7,"column":0},"end":{"line":7,"column":38}},"5":{"start":{"line":9,"column":0},"end":{"line":9,"column":51}},"6":{"start":{"line":10,"column":0},"end":{"line":10,"column":36}},"7":{"start":{"line":11,"column":0},"end":{"line":11,"column":null}},"8":{"start":{"line":19,"column":26},"end":{"line":19,"column":53}},"9":{"start":{"line":20,"column":22},"end":{"line":20,"column":49}},"10":{"start":{"line":21,"column":21},"end":{"line":21,"column":32}},"11":{"start":{"line":23,"column":18},"end":{"line":41,"column":27}},"12":{"start":{"line":24,"column":4},"end":{"line":40,"column":9}},"13":{"start":{"line":30,"column":8},"end":{"line":32,"column":9}},"14":{"start":{"line":31,"column":10},"end":{"line":31,"column":33}},"15":{"start":{"line":35,"column":8},"end":{"line":38,"column":11}},"16":{"start":{"line":39,"column":8},"end":{"line":39,"column":34}},"17":{"start":{"line":43,"column":2},"end":{"line":43,"column":71}},"18":{"start":{"line":43,"column":19},"end":{"line":43,"column":49}},"19":{"start":{"line":45,"column":2},"end":{"line":45,"column":43}},"20":{"start":{"line":45,"column":24},"end":{"line":45,"column":43}},"21":{"start":{"line":47,"column":2},"end":{"line":59,"column":4}},"22":{"start":{"line":62,"column":0},"end":{"line":62,"column":24}}},"fnMap":{"0":{"name":"PostPage","decl":{"start":{"line":18,"column":9},"end":{"line":18,"column":17}},"loc":{"start":{"line":18,"column":17},"end":{"line":60,"column":1}}},"1":{"name":"(anonymous_1)","decl":{"start":{"line":23,"column":30},"end":{"line":23,"column":33}},"loc":{"start":{"line":23,"column":35},"end":{"line":41,"column":3}}},"2":{"name":"(anonymous_2)","decl":{"start":{"line":29,"column":12},"end":{"line":29,"column":13}},"loc":{"start":{"line":29,"column":40},"end":{"line":33,"column":7}}},"3":{"name":"(anonymous_3)","decl":{"start":{"line":34,"column":13},"end":{"line":34,"column":14}},"loc":{"start":{"line":34,"column":35},"end":{"line":40,"column":7}}},"4":{"name":"(anonymous_4)","decl":{"start":{"line":43,"column":12},"end":{"line":43,"column":15}},"loc":{"start":{"line":43,"column":19},"end":{"line":43,"column":49}}}},"branchMap":{"0":{"loc":{"start":{"line":30,"column":8},"end":{"line":32,"column":9}},"type":"if","locations":[{"start":{"line":30,"column":8},"end":{"line":32,"column":9}}]},"1":{"loc":{"start":{"line":30,"column":12},"end":{"line":30,"column":62}},"type":"binary-expr","locations":[{"start":{"line":30,"column":12},"end":{"line":30,"column":35}},{"start":{"line":30,"column":39},"end":{"line":30,"column":62}}]},"2":{"loc":{"start":{"line":43,"column":19},"end":{"line":43,"column":49}},"type":"cond-expr","locations":[{"start":{"line":43,"column":28},"end":{"line":43,"column":37}},{"start":{"line":43,"column":40},"end":{"line":43,"column":49}}]},"3":{"loc":{"start":{"line":45,"column":2},"end":{"line":45,"column":43}},"type":"if","locations":[{"start":{"line":45,"column":2},"end":{"line":45,"column":43}}]},"4":{"loc":{"start":{"line":45,"column":6},"end":{"line":45,"column":22}},"type":"binary-expr","locations":[{"start":{"line":45,"column":6},"end":{"line":45,"column":11}},{"start":{"line":45,"column":15},"end":{"line":45,"column":22}}]}},"s":{"0":0,"1":0,"2":0,"3":0,"4":0,"5":0,"6":0,"7":0,"8":0,"9":0,"10":0,"11":0,"12":0,"13":0,"14":0,"15":0,"16":0,"17":0,"18":0,"19":0,"20":0,"21":0,"22":0},"f":{"0":0,"1":0,"2":0,"3":0,"4":0},"b":{"0":[0],"1":[0,0],"2":[0,0],"3":[0],"4":[0,0]}}
,"/workspaces/discovering-the-world-test/src/components/Page/PostPage/index.ts": {"path":"/workspaces/discovering-the-world-test/src/components/Page/PostPage/index.ts","statementMap":{"0":{"start":{"line":1,"column":0},"end":{"line":1,"column":9}},"1":{"start":{"line":1,"column":9},"end":{"line":1,"column":37}}},"fnMap":{"0":{"name":"(anonymous_0)","decl":{"start":{"line":1,"column":9},"end":{"line":1,"column":16}},"loc":{"start":{"line":1,"column":9},"end":{"line":1,"column":37}}}},"branchMap":{},"s":{"0":0,"1":0},"f":{"0":0},"b":{}}
,"/workspaces/discovering-the-world-test/src/components/PostList/PostList.styles.tsx": {"path":"/workspaces/discovering-the-world-test/src/components/PostList/PostList.styles.tsx","statementMap":{"0":{"start":{"line":1,"column":0},"end":{"line":1,"column":42}},"1":{"start":{"line":2,"column":0},"end":{"line":2,"column":37}},"2":{"start":{"line":4,"column":13},"end":{"line":17,"column":2}},"3":{"start":{"line":12,"column":33},"end":{"line":12,"column":54}},"4":{"start":{"line":19,"column":13},"end":{"line":25,"column":2}},"5":{"start":{"line":27,"column":13},"end":{"line":32,"column":2}},"6":{"start":{"line":34,"column":13},"end":{"line":40,"column":2}}},"fnMap":{"0":{"name":"(anonymous_0)","decl":{"start":{"line":12,"column":22},"end":{"line":12,"column":23}},"loc":{"start":{"line":12,"column":33},"end":{"line":12,"column":54}}}},"branchMap":{},"s":{"0":0,"1":0,"2":0,"3":0,"4":0,"5":0,"6":0},"f":{"0":0},"b":{}}
,"/workspaces/discovering-the-world-test/src/components/PostList/PostList.tsx": {"path":"/workspaces/discovering-the-world-test/src/components/PostList/PostList.tsx","statementMap":{"0":{"start":{"line":1,"column":0},"end":{"line":1,"column":35}},"1":{"start":{"line":2,"column":0},"end":{"line":2,"column":47}},"2":{"start":{"line":3,"column":0},"end":{"line":3,"column":48}},"3":{"start":{"line":4,"column":0},"end":{"line":4,"column":52}},"4":{"start":{"line":5,"column":0},"end":{"line":5,"column":61}},"5":{"start":{"line":7,"column":0},"end":{"line":7,"column":44}},"6":{"start":{"line":9,"column":0},"end":{"line":9,"column":44}},"7":{"start":{"line":10,"column":0},"end":{"line":10,"column":null}},"8":{"start":{"line":23,"column":19},"end":{"line":23,"column":32}},"9":{"start":{"line":24,"column":25},"end":{"line":24,"column":48}},"10":{"start":{"line":26,"column":2},"end":{"line":71,"column":4}},"11":{"start":{"line":29,"column":8},"end":{"line":32,"column":null}},"12":{"start":{"line":35,"column":25},"end":{"line":35,"column":53}},"13":{"start":{"line":51,"column":18},"end":{"line":51,"column":38}},"14":{"start":{"line":52,"column":18},"end":{"line":52,"column":39}},"15":{"start":{"line":60,"column":18},"end":{"line":60,"column":38}},"16":{"start":{"line":61,"column":18},"end":{"line":61,"column":38}},"17":{"start":{"line":74,"column":0},"end":{"line":74,"column":24}}},"fnMap":{"0":{"name":"PostList","decl":{"start":{"line":22,"column":9},"end":{"line":22,"column":17}},"loc":{"start":{"line":22,"column":58},"end":{"line":72,"column":1}}},"1":{"name":"(anonymous_1)","decl":{"start":{"line":28,"column":18},"end":{"line":28,"column":19}},"loc":{"start":{"line":29,"column":8},"end":{"line":32,"column":null}}},"2":{"name":"(anonymous_2)","decl":{"start":{"line":35,"column":19},"end":{"line":35,"column":22}},"loc":{"start":{"line":35,"column":25},"end":{"line":35,"column":53}}},"3":{"name":"(anonymous_3)","decl":{"start":{"line":50,"column":25},"end":{"line":50,"column":26}},"loc":{"start":{"line":50,"column":31},"end":{"line":53,"column":17}}},"4":{"name":"(anonymous_4)","decl":{"start":{"line":59,"column":25},"end":{"line":59,"column":26}},"loc":{"start":{"line":59,"column":31},"end":{"line":62,"column":17}}}},"branchMap":{"0":{"loc":{"start":{"line":34,"column":14},"end":{"line":34,"column":41}},"type":"cond-expr","locations":[{"start":{"line":34,"column":35},"end":{"line":34,"column":37}},{"start":{"line":34,"column":40},"end":{"line":34,"column":41}}]},"1":{"loc":{"start":{"line":42,"column":17},"end":{"line":42,"column":68}},"type":"cond-expr","locations":[{"start":{"line":42,"column":44},"end":{"line":42,"column":55}},{"start":{"line":42,"column":58},"end":{"line":42,"column":68}}]}},"s":{"0":0,"1":0,"2":0,"3":0,"4":0,"5":0,"6":0,"7":0,"8":0,"9":0,"10":0,"11":0,"12":0,"13":0,"14":0,"15":0,"16":0,"17":0},"f":{"0":0,"1":0,"2":0,"3":0,"4":0},"b":{"0":[0,0],"1":[0,0]}}
,"/workspaces/discovering-the-world-test/src/components/PostList/index.ts": {"path":"/workspaces/discovering-the-world-test/src/components/PostList/index.ts","statementMap":{"0":{"start":{"line":1,"column":0},"end":{"line":1,"column":9}},"1":{"start":{"line":1,"column":9},"end":{"line":1,"column":37}}},"fnMap":{"0":{"name":"(anonymous_0)","decl":{"start":{"line":1,"column":9},"end":{"line":1,"column":16}},"loc":{"start":{"line":1,"column":9},"end":{"line":1,"column":37}}}},"branchMap":{},"s":{"0":0,"1":0},"f":{"0":0},"b":{}}
,"/workspaces/discovering-the-world-test/src/components/Router/Router.tsx": {"path":"/workspaces/discovering-the-world-test/src/components/Router/Router.tsx","statementMap":{"0":{"start":{"line":1,"column":0},"end":{"line":1,"column":55}},"1":{"start":{"line":2,"column":0},"end":{"line":2,"column":65}},"2":{"start":{"line":4,"column":15},"end":{"line":17,"column":2}},"3":{"start":{"line":19,"column":0},"end":{"line":19,"column":22}}},"fnMap":{},"branchMap":{},"s":{"0":0,"1":0,"2":0,"3":0},"f":{},"b":{}}
,"/workspaces/discovering-the-world-test/src/components/Router/index.ts": {"path":"/workspaces/discovering-the-world-test/src/components/Router/index.ts","statementMap":{"0":{"start":{"line":1,"column":0},"end":{"line":1,"column":9}},"1":{"start":{"line":1,"column":9},"end":{"line":1,"column":35}}},"fnMap":{"0":{"name":"(anonymous_0)","decl":{"start":{"line":1,"column":9},"end":{"line":1,"column":16}},"loc":{"start":{"line":1,"column":9},"end":{"line":1,"column":35}}}},"branchMap":{},"s":{"0":0,"1":0},"f":{"0":0},"b":{}}
}
