TN:
SF:src/components/AddCommentForm/AddCommentForm.tsx
FN:12,AddCommentForm
FN:17,(anonymous_1)
FN:24,(anonymous_2)
FN:37,(anonymous_3)
FN:47,(anonymous_4)
FNF:5
FNH:0
FNDA:0,AddCommentForm
FNDA:0,(anonymous_1)
FNDA:0,(anonymous_2)
FNDA:0,(anonymous_3)
FNDA:0,(anonymous_4)
DA:1,0
DA:2,0
DA:3,0
DA:5,0
DA:13,0
DA:14,0
DA:15,0
DA:17,0
DA:20,0
DA:21,0
DA:24,0
DA:25,0
DA:26,0
DA:28,0
DA:38,0
DA:39,0
DA:40,0
DA:41,0
DA:48,0
DA:52,0
DA:54,0
DA:57,0
DA:83,0
LF:23
LH:0
BRDA:38,0,0,0
BRDA:38,1,0,0
BRDA:38,1,1,0
BRDA:75,2,0,0
BRDA:75,2,1,0
BRF:5
BRH:0
end_of_record
TN:
SF:src/components/AddCommentForm/index.ts
FN:1,(anonymous_0)
FNF:1
FNH:0
FNDA:0,(anonymous_0)
DA:1,0
LF:1
LH:0
BRF:0
BRH:0
end_of_record
TN:
SF:src/components/Banner/Banner.styles.tsx
FN:12,(anonymous_0)
FNF:1
FNH:0
FNDA:0,(anonymous_0)
DA:1,0
DA:2,0
DA:4,0
DA:12,0
DA:15,0
DA:21,0
LF:6
LH:0
BRF:0
BRH:0
end_of_record
TN:
SF:src/components/Banner/Banner.tsx
FN:10,Banner
FNF:1
FNH:0
FNDA:0,Banner
DA:1,0
DA:2,0
DA:3,0
DA:11,0
DA:23,0
LF:5
LH:0
BRF:0
BRH:0
end_of_record
TN:
SF:src/components/Banner/index.ts
FN:1,(anonymous_0)
FNF:1
FNH:0
FNDA:0,(anonymous_0)
DA:1,0
LF:1
LH:0
BRF:0
BRH:0
end_of_record
TN:
SF:src/components/CategoryButtonGroup/CategoryButtonGroup.styles.tsx
FN:12,(anonymous_0)
FNF:1
FNH:0
FNDA:0,(anonymous_0)
DA:1,0
DA:2,0
DA:4,0
DA:11,0
DA:12,0
LF:5
LH:0
BRDA:12,0,0,0
BRDA:12,0,1,0
BRF:2
BRH:0
end_of_record
TN:
SF:src/components/CategoryButtonGroup/CategoryButtonGroup.tsx
FN:29,CategoryButtonGroup
FN:36,(anonymous_1)
FN:41,(anonymous_2)
FNF:3
FNH:0
FNDA:0,CategoryButtonGroup
FNDA:0,(anonymous_1)
FNDA:0,(anonymous_2)
DA:1,0
DA:3,0
DA:5,0
DA:33,0
DA:37,0
DA:41,0
DA:51,0
LF:7
LH:0
BRF:0
BRH:0
end_of_record
TN:
SF:src/components/CategoryButtonGroup/index.ts
FN:1,(anonymous_0)
FNF:1
FNH:0
FNDA:0,(anonymous_0)
DA:1,0
LF:1
LH:0
BRF:0
BRH:0
end_of_record
TN:
SF:src/components/CommentCard/CommentCard.styles.tsx
FNF:0
FNH:0
DA:1,0
DA:2,0
DA:4,0
DA:15,0
DA:20,0
LF:5
LH:0
BRF:0
BRH:0
end_of_record
TN:
SF:src/components/CommentCard/CommentCard.tsx
FN:11,CommentCard
FNF:1
FNH:0
FNDA:0,CommentCard
DA:1,0
DA:2,0
DA:5,0
DA:12,0
DA:23,0
LF:5
LH:0
BRF:0
BRH:0
end_of_record
TN:
SF:src/components/CommentCard/index.ts
FN:1,(anonymous_0)
FNF:1
FNH:0
FNDA:0,(anonymous_0)
DA:1,0
LF:1
LH:0
BRF:0
BRH:0
end_of_record
TN:
SF:src/components/Comments/Comments.styles.tsx
FNF:0
FNH:0
DA:1,1
DA:2,1
DA:4,1
DA:9,1
DA:13,1
LF:5
LH:5
BRF:0
BRH:0
end_of_record
TN:
SF:src/components/Comments/Comments.tsx
FN:16,Comments
FN:23,(anonymous_1)
FNF:2
FNH:1
FNDA:2,Comments
FNDA:0,(anonymous_1)
DA:2,1
DA:7,1
DA:8,1
DA:17,2
DA:24,0
DA:33,1
LF:6
LH:5
BRDA:22,0,0,2
BRDA:22,0,1,0
BRF:2
BRH:1
end_of_record
TN:
SF:src/components/Comments/index.ts
FN:1,(anonymous_0)
FNF:1
FNH:0
FNDA:0,(anonymous_0)
DA:1,0
LF:1
LH:0
BRF:0
BRH:0
end_of_record
TN:
SF:src/components/CreatePostButton/CreatePostButton.styles.tsx
FNF:0
FNH:0
DA:1,0
DA:2,0
DA:4,0
LF:3
LH:0
BRF:0
BRH:0
end_of_record
TN:
SF:src/components/CreatePostButton/CreatePostButton.tsx
FN:11,(anonymous_0)
FN:14,(anonymous_1)
FNF:2
FNH:0
FNDA:0,(anonymous_0)
FNDA:0,(anonymous_1)
DA:1,0
DA:2,0
DA:5,0
DA:11,0
DA:12,0
DA:14,0
DA:21,0
LF:7
LH:0
BRF:0
BRH:0
end_of_record
TN:
SF:src/components/CreatePostButton/index.ts
FN:1,(anonymous_0)
FNF:1
FNH:0
FNDA:0,(anonymous_0)
DA:1,0
LF:1
LH:0
BRF:0
BRH:0
end_of_record
TN:
SF:src/components/Form/Form.tsx
FN:39,(anonymous_0)
FN:50,(anonymous_1)
FN:61,(anonymous_2)
FN:67,(anonymous_3)
FN:71,(anonymous_4)
FN:71,(anonymous_5)
FN:89,(anonymous_6)
FN:99,(anonymous_7)
FN:108,(anonymous_8)
FN:114,(anonymous_9)
FN:120,(anonymous_10)
FN:127,(anonymous_11)
FNF:12
FNH:0
FNDA:0,(anonymous_0)
FNDA:0,(anonymous_1)
FNDA:0,(anonymous_2)
FNDA:0,(anonymous_3)
FNDA:0,(anonymous_4)
FNDA:0,(anonymous_5)
FNDA:0,(anonymous_6)
FNDA:0,(anonymous_7)
FNDA:0,(anonymous_8)
FNDA:0,(anonymous_9)
FNDA:0,(anonymous_10)
FNDA:0,(anonymous_11)
DA:1,0
DA:2,0
DA:18,0
DA:20,0
DA:21,0
DA:24,0
DA:39,0
DA:46,0
DA:47,0
DA:48,0
DA:50,0
DA:51,0
DA:52,0
DA:58,0
DA:61,0
DA:62,0
DA:63,0
DA:64,0
DA:67,0
DA:68,0
DA:70,0
DA:71,0
DA:72,0
DA:74,0
DA:83,0
DA:90,0
DA:91,0
DA:92,0
DA:93,0
DA:100,0
DA:104,0
DA:108,0
DA:113,0
DA:114,0
DA:120,0
DA:125,0
DA:126,0
DA:127,0
DA:133,0
DA:224,0
LF:40
LH:0
BRDA:51,0,0,0
BRDA:72,1,0,0
BRDA:75,2,0,0
BRDA:75,2,1,0
BRDA:80,3,0,0
BRDA:80,3,1,0
BRDA:84,4,0,0
BRDA:84,4,1,0
BRDA:85,5,0,0
BRDA:85,5,1,0
BRDA:90,6,0,0
BRDA:90,7,0,0
BRDA:90,7,1,0
BRDA:160,8,0,0
BRDA:160,8,1,0
BRDA:176,9,0,0
BRDA:176,9,1,0
BRDA:213,10,0,0
BRDA:213,10,1,0
BRF:19
BRH:0
end_of_record
TN:
SF:src/components/Form/index.ts
FN:1,(anonymous_0)
FNF:1
FNH:0
FNDA:0,(anonymous_0)
DA:1,0
LF:1
LH:0
BRF:0
BRH:0
end_of_record
TN:
SF:src/components/Header/Header.styles.tsx
FNF:0
FNH:0
DA:1,1
DA:2,1
DA:4,1
LF:3
LH:3
BRF:0
BRH:0
end_of_record
TN:
SF:src/components/Header/Header.tsx
FN:4,Header
FNF:1
FNH:1
FNDA:1,Header
DA:1,1
DA:2,1
DA:5,1
DA:23,1
LF:4
LH:4
BRF:0
BRH:0
end_of_record
TN:
SF:src/components/Header/index.ts
FN:1,(anonymous_0)
FNF:1
FNH:0
FNDA:0,(anonymous_0)
DA:1,0
LF:1
LH:0
BRF:0
BRH:0
end_of_record
TN:
SF:src/components/Loading/Loading.tsx
FN:8,Loading
FNF:1
FNH:1
FNDA:1,Loading
DA:2,1
DA:3,1
DA:8,1
DA:9,1
LF:4
LH:4
BRF:0
BRH:0
end_of_record
TN:
SF:src/components/Loading/index.ts
FN:1,(anonymous_0)
FNF:1
FNH:0
FNDA:0,(anonymous_0)
DA:1,0
LF:1
LH:0
BRF:0
BRH:0
end_of_record
TN:
SF:src/components/Page/Page.tsx
FN:15,Page
FNF:1
FNH:0
FNDA:0,Page
DA:2,0
DA:3,0
DA:15,0
DA:16,0
LF:4
LH:0
BRF:0
BRH:0
end_of_record
TN:
SF:src/components/Page/index.ts
FN:1,(anonymous_0)
FN:2,(anonymous_1)
FN:3,(anonymous_2)
FN:4,(anonymous_3)
FNF:4
FNH:0
FNDA:0,(anonymous_0)
FNDA:0,(anonymous_1)
FNDA:0,(anonymous_2)
FNDA:0,(anonymous_3)
DA:1,0
DA:2,0
DA:3,0
DA:4,0
LF:4
LH:0
BRF:0
BRH:0
end_of_record
TN:
SF:src/components/Page/HomePage/HomePage.tsx
FN:11,HomePage
FN:17,(anonymous_1)
FN:22,(anonymous_2)
FN:27,(anonymous_3)
FNF:4
FNH:0
FNDA:0,HomePage
FNDA:0,(anonymous_1)
FNDA:0,(anonymous_2)
FNDA:0,(anonymous_3)
DA:1,0
DA:3,0
DA:4,0
DA:5,0
DA:6,0
DA:8,0
DA:9,0
DA:12,0
DA:13,0
DA:14,0
DA:15,0
DA:17,0
DA:18,0
DA:19,0
DA:22,0
DA:23,0
DA:24,0
DA:27,0
DA:29,0
DA:31,0
DA:50,0
LF:21
LH:0
BRDA:19,0,0,0
BRDA:29,1,0,0
BRF:2
BRH:0
end_of_record
TN:
SF:src/components/Page/HomePage/index.ts
FN:1,(anonymous_0)
FNF:1
FNH:0
FNDA:0,(anonymous_0)
DA:1,0
LF:1
LH:0
BRF:0
BRH:0
end_of_record
TN:
SF:src/components/Page/NotFoundPage/NotFoundPage.tsx
FN:5,NotFoundPage
FNF:1
FNH:0
FNDA:0,NotFoundPage
DA:2,0
DA:3,0
DA:5,0
DA:6,0
LF:4
LH:0
BRF:0
BRH:0
end_of_record
TN:
SF:src/components/Page/NotFoundPage/index.ts
FN:1,(anonymous_0)
FNF:1
FNH:0
FNDA:0,(anonymous_0)
DA:1,0
LF:1
LH:0
BRF:0
BRH:0
end_of_record
TN:
SF:src/components/Page/PostPage/PostPage.styles.tsx
FNF:0
FNH:0
DA:1,0
DA:2,0
DA:4,0
DA:10,0
DA:14,0
DA:18,0
LF:6
LH:0
BRF:0
BRH:0
end_of_record
TN:
SF:src/components/Page/PostPage/PostPage.tsx
FN:18,PostPage
FN:23,(anonymous_1)
FN:29,(anonymous_2)
FN:34,(anonymous_3)
FN:43,(anonymous_4)
FNF:5
FNH:0
FNDA:0,PostPage
FNDA:0,(anonymous_1)
FNDA:0,(anonymous_2)
FNDA:0,(anonymous_3)
FNDA:0,(anonymous_4)
DA:1,0
DA:2,0
DA:5,0
DA:6,0
DA:7,0
DA:9,0
DA:10,0
DA:11,0
DA:19,0
DA:20,0
DA:21,0
DA:23,0
DA:24,0
DA:30,0
DA:31,0
DA:35,0
DA:39,0
DA:43,0
DA:45,0
DA:47,0
DA:62,0
LF:21
LH:0
BRDA:30,0,0,0
BRDA:30,1,0,0
BRDA:30,1,1,0
BRDA:43,2,0,0
BRDA:43,2,1,0
BRDA:45,3,0,0
BRDA:45,4,0,0
BRDA:45,4,1,0
BRF:8
BRH:0
end_of_record
TN:
SF:src/components/Page/PostPage/index.ts
FN:1,(anonymous_0)
FNF:1
FNH:0
FNDA:0,(anonymous_0)
DA:1,0
LF:1
LH:0
BRF:0
BRH:0
end_of_record
TN:
SF:src/components/PostList/PostList.styles.tsx
FN:12,(anonymous_0)
FNF:1
FNH:0
FNDA:0,(anonymous_0)
DA:1,0
DA:2,0
DA:4,0
DA:12,0
DA:19,0
DA:27,0
DA:34,0
LF:7
LH:0
BRF:0
BRH:0
end_of_record
TN:
SF:src/components/PostList/PostList.tsx
FN:22,PostList
FN:28,(anonymous_1)
FN:35,(anonymous_2)
FN:50,(anonymous_3)
FN:59,(anonymous_4)
FNF:5
FNH:0
FNDA:0,PostList
FNDA:0,(anonymous_1)
FNDA:0,(anonymous_2)
FNDA:0,(anonymous_3)
FNDA:0,(anonymous_4)
DA:1,0
DA:2,0
DA:3,0
DA:4,0
DA:5,0
DA:7,0
DA:9,0
DA:10,0
DA:23,0
DA:24,0
DA:26,0
DA:29,0
DA:35,0
DA:51,0
DA:52,0
DA:60,0
DA:61,0
DA:74,0
LF:18
LH:0
BRDA:34,0,0,0
BRDA:34,0,1,0
BRDA:42,1,0,0
BRDA:42,1,1,0
BRF:4
BRH:0
end_of_record
TN:
SF:src/components/PostList/index.ts
FN:1,(anonymous_0)
FNF:1
FNH:0
FNDA:0,(anonymous_0)
DA:1,0
LF:1
LH:0
BRF:0
BRH:0
end_of_record
TN:
SF:src/components/Router/Router.tsx
FNF:0
FNH:0
DA:1,0
DA:2,0
DA:4,0
DA:19,0
LF:4
LH:0
BRF:0
BRH:0
end_of_record
TN:
SF:src/components/Router/index.ts
FN:1,(anonymous_0)
FNF:1
FNH:0
FNDA:0,(anonymous_0)
DA:1,0
LF:1
LH:0
BRF:0
BRH:0
end_of_record
